<component name="libraryTable">
  <library name="junit-4.4">
    <CLASSES>
      <root url="jar://D:/java.jar/junit4.4/junit-4.4.jar!/" />
    </CLASSES>
    <JAVADOC />
    <SOURCES />
  </library>
</component>